
> backend@1.0.0 api
> ts-node src/api.ts

API Server listening at http://localhost:4000
player: lucy, req.query: [object Object]
Error fetching game state: QueryNotRegisteredError: Workflow did not register a handler for getGameState. Registered queries: [__stack_trace __enhanced_stack_trace __temporal_workflow_metadata]
    at WorkflowClient._queryWorkflowHandler (/Users/mattchaffe/Projects/bitovi/treasure-hunt/backend/node_modules/@temporalio/client/src/workflow-client.ts:780:17)
    at processTicksAndRejections (node:internal/process/task_queues:95:5)
    at async /Users/mattchaffe/Projects/bitovi/treasure-hunt/backend/src/api.ts:113:19 {
  code: 3
}
player: lucy, req.query: [object Object]
player: lucy, req.query: [object Object]
player: lucy, req.query: [object Object]
player: lucy, req.query: [object Object]
player: lucy, req.query: [object Object]
player: lucy, req.query: [object Object]
player: lucy, req.query: [object Object]
player: lucy, req.query: [object Object]
player: lucy, req.query: [object Object]
player: lucy, req.query: [object Object]
player: lucy, req.query: [object Object]
player: lucy, req.query: [object Object]
player: lucy, req.query: [object Object]
player: lucy, req.query: [object Object]
player: lucy, req.query: [object Object]
player: lucy, req.query: [object Object]
player: lucy, req.query: [object Object]
player: lucy, req.query: [object Object]
player: lucy, req.query: [object Object]
player: lucy, req.query: [object Object]
player: lucy, req.query: [object Object]
player: lucy, req.query: [object Object]
player: lucy, req.query: [object Object]
player: lucy, req.query: [object Object]
player: lucy, req.query: [object Object]
player: lucy, req.query: [object Object]
player: lucy, req.query: [object Object]
player: lucy, req.query: [object Object]
player: lucy, req.query: [object Object]
player: lucy, req.query: [object Object]
player: lucy, req.query: [object Object]
player: lucy, req.query: [object Object]
player: lucy, req.query: [object Object]
player: lucy, req.query: [object Object]
player: lucy, req.query: [object Object]
player: lucy, req.query: [object Object]
player: lucy, req.query: [object Object]
player: lucy, req.query: [object Object]
player: lucy, req.query: [object Object]
player: lucy, req.query: [object Object]
player: lucy, req.query: [object Object]
player: lucy, req.query: [object Object]
player: lucy, req.query: [object Object]
player: lucy, req.query: [object Object]
player: lucy, req.query: [object Object]
player: lucy, req.query: [object Object]
player: lucy, req.query: [object Object]
player: lucy, req.query: [object Object]
player: lucy, req.query: [object Object]
player: lucy, req.query: [object Object]
player: lucy, req.query: [object Object]
player: lucy, req.query: [object Object]
player: lucy, req.query: [object Object]
player: lucy, req.query: [object Object]
player: lucy, req.query: [object Object]
player: lucy, req.query: [object Object]
player: lucy, req.query: [object Object]
player: lucy, req.query: [object Object]
player: lucy, req.query: [object Object]
player: lucy, req.query: [object Object]
player: lucy, req.query: [object Object]
player: lucy, req.query: [object Object]
player: lucy, req.query: [object Object]
player: lucy, req.query: [object Object]
player: lucy, req.query: [object Object]
player: lucy, req.query: [object Object]
